0 info it worked if it ends with ok
1 verbose cli [ '/usr/local/bin/node', '/usr/local/bin/npm', 'run', 'serve' ]
2 info using npm@3.10.10
3 info using node@v6.10.0
4 verbose run-script [ 'preserve', 'serve', 'postserve' ]
5 info lifecycle algaecaltest@1.2.0~preserve: algaecaltest@1.2.0
6 silly lifecycle algaecaltest@1.2.0~preserve: no script for preserve, continuing
7 info lifecycle algaecaltest@1.2.0~serve: algaecaltest@1.2.0
8 verbose lifecycle algaecaltest@1.2.0~serve: unsafe-perm in lifecycle true
9 verbose lifecycle algaecaltest@1.2.0~serve: PATH: /usr/local/lib/node_modules/npm/bin/node-gyp-bin:/Users/alexakrivoniak/Documents/front-end-dev-test/node_modules/.bin:/Users/alexakrivoniak/.rvm/gems/ruby-2.4.0/bin:/Users/alexakrivoniak/.rvm/gems/ruby-2.4.0@global/bin:/Users/alexakrivoniak/.rvm/rubies/ruby-2.4.0/bin:/usr/local/bin:/usr/bin:/bin:/usr/sbin:/sbin:/usr/local/mysql/bin:/usr/local/mysql/bin:/Users/alexakrivoniak/.rvm/bin
10 verbose lifecycle algaecaltest@1.2.0~serve: CWD: /Users/alexakrivoniak/Documents/front-end-dev-test
11 silly lifecycle algaecaltest@1.2.0~serve: Args: [ '-c', 'serve dist' ]
12 silly lifecycle algaecaltest@1.2.0~serve: Returned: code: 1  signal: null
13 info lifecycle algaecaltest@1.2.0~serve: Failed to exec serve script
14 verbose stack Error: algaecaltest@1.2.0 serve: `serve dist`
14 verbose stack Exit status 1
14 verbose stack     at EventEmitter.<anonymous> (/usr/local/lib/node_modules/npm/lib/utils/lifecycle.js:255:16)
14 verbose stack     at emitTwo (events.js:106:13)
14 verbose stack     at EventEmitter.emit (events.js:191:7)
14 verbose stack     at ChildProcess.<anonymous> (/usr/local/lib/node_modules/npm/lib/utils/spawn.js:40:14)
14 verbose stack     at emitTwo (events.js:106:13)
14 verbose stack     at ChildProcess.emit (events.js:191:7)
14 verbose stack     at maybeClose (internal/child_process.js:877:16)
14 verbose stack     at Process.ChildProcess._handle.onexit (internal/child_process.js:226:5)
15 verbose pkgid algaecaltest@1.2.0
16 verbose cwd /Users/alexakrivoniak/Documents/front-end-dev-test
17 error Darwin 16.7.0
18 error argv "/usr/local/bin/node" "/usr/local/bin/npm" "run" "serve"
19 error node v6.10.0
20 error npm  v3.10.10
21 error code ELIFECYCLE
22 error algaecaltest@1.2.0 serve: `serve dist`
22 error Exit status 1
23 error Failed at the algaecaltest@1.2.0 serve script 'serve dist'.
23 error Make sure you have the latest version of node.js and npm installed.
23 error If you do, this is most likely a problem with the algaecaltest package,
23 error not with npm itself.
23 error Tell the author that this fails on your system:
23 error     serve dist
23 error You can get information on how to open an issue for this project with:
23 error     npm bugs algaecaltest
23 error Or if that isn't available, you can get their info via:
23 error     npm owner ls algaecaltest
23 error There is likely additional logging output above.
24 verbose exit [ 1, true ]
